[0.007s] Invoking command in '/home/pradeep/ros43_ws/build/simple_pkg': CMAKE_PREFIX_PATH=/opt/ros/humble /usr/bin/cmake /home/pradeep/ros43_ws/src/simple_pkg -DCMAKE_INSTALL_PREFIX=/home/pradeep/ros43_ws/install/simple_pkg
[0.041s] -- The C compiler identification is GNU 11.4.0
[0.077s] -- The CXX compiler identification is GNU 11.4.0
[0.081s] -- Detecting C compiler ABI info
[0.125s] -- Detecting C compiler ABI info - done
[0.131s] -- Check for working C compiler: /usr/bin/cc - skipped
[0.131s] -- Detecting C compile features
[0.131s] -- Detecting C compile features - done
[0.134s] -- Detecting CXX compiler ABI info
[0.184s] -- Detecting CXX compiler ABI info - done
[0.189s] -- Check for working CXX compiler: /usr/bin/c++ - skipped
[0.189s] -- Detecting CXX compile features
[0.190s] -- Detecting CXX compile features - done
[0.191s] -- Found ament_cmake: 1.3.8 (/opt/ros/humble/share/ament_cmake/cmake)
[0.292s] -- Found Python3: /usr/bin/python3 (found version "3.10.12") found components: Interpreter 
[0.347s] -- Found rclpy: 3.3.12 (/opt/ros/humble/share/rclpy/cmake)
[0.348s] -- Found ament_lint_auto: 0.12.10 (/opt/ros/humble/share/ament_lint_auto/cmake)
[0.403s] -- Added test 'cppcheck' to perform static code analysis on C / C++ code
[0.403s] -- Configured cppcheck include dirs: 
[0.403s] -- Configured cppcheck exclude dirs and/or files: 
[0.404s] -- Added test 'flake8' to check Python code syntax and style conventions
[0.405s] -- Added test 'lint_cmake' to check CMake code style
[0.406s] -- Added test 'pep257' to check Python code against some of the docstring style conventions in PEP 257
[0.411s] -- Added test 'uncrustify' to check C / C++ code style
[0.411s] -- Configured uncrustify additional arguments: 
[0.412s] -- Added test 'xmllint' to check XML markup files
[0.412s] -- Configuring done
[0.414s] -- Generating done
[0.415s] -- Build files have been written to: /home/pradeep/ros43_ws/build/simple_pkg
[0.417s] Invoked command in '/home/pradeep/ros43_ws/build/simple_pkg' returned '0': CMAKE_PREFIX_PATH=/opt/ros/humble /usr/bin/cmake /home/pradeep/ros43_ws/src/simple_pkg -DCMAKE_INSTALL_PREFIX=/home/pradeep/ros43_ws/install/simple_pkg
[0.419s] Invoking command in '/home/pradeep/ros43_ws/build/simple_pkg': CMAKE_PREFIX_PATH=/opt/ros/humble /usr/bin/cmake --build /home/pradeep/ros43_ws/build/simple_pkg -- -j12 -l12
[0.443s] Invoked command in '/home/pradeep/ros43_ws/build/simple_pkg' returned '0': CMAKE_PREFIX_PATH=/opt/ros/humble /usr/bin/cmake --build /home/pradeep/ros43_ws/build/simple_pkg -- -j12 -l12
[0.463s] Invoking command in '/home/pradeep/ros43_ws/build/simple_pkg': CMAKE_PREFIX_PATH=/opt/ros/humble /usr/bin/cmake --install /home/pradeep/ros43_ws/build/simple_pkg
[0.469s] -- Install configuration: ""
[0.469s] -- Installing: /home/pradeep/ros43_ws/install/simple_pkg/lib/simple_pkg/pub.py
[0.469s] -- Installing: /home/pradeep/ros43_ws/install/simple_pkg/share/ament_index/resource_index/package_run_dependencies/simple_pkg
[0.469s] -- Installing: /home/pradeep/ros43_ws/install/simple_pkg/share/ament_index/resource_index/parent_prefix_path/simple_pkg
[0.469s] -- Installing: /home/pradeep/ros43_ws/install/simple_pkg/share/simple_pkg/environment/ament_prefix_path.sh
[0.469s] -- Installing: /home/pradeep/ros43_ws/install/simple_pkg/share/simple_pkg/environment/ament_prefix_path.dsv
[0.470s] -- Installing: /home/pradeep/ros43_ws/install/simple_pkg/share/simple_pkg/environment/path.sh
[0.470s] -- Installing: /home/pradeep/ros43_ws/install/simple_pkg/share/simple_pkg/environment/path.dsv
[0.470s] -- Installing: /home/pradeep/ros43_ws/install/simple_pkg/share/simple_pkg/local_setup.bash
[0.470s] -- Installing: /home/pradeep/ros43_ws/install/simple_pkg/share/simple_pkg/local_setup.sh
[0.470s] -- Installing: /home/pradeep/ros43_ws/install/simple_pkg/share/simple_pkg/local_setup.zsh
[0.470s] -- Installing: /home/pradeep/ros43_ws/install/simple_pkg/share/simple_pkg/local_setup.dsv
[0.470s] -- Installing: /home/pradeep/ros43_ws/install/simple_pkg/share/simple_pkg/package.dsv
[0.470s] -- Installing: /home/pradeep/ros43_ws/install/simple_pkg/share/ament_index/resource_index/packages/simple_pkg
[0.471s] -- Installing: /home/pradeep/ros43_ws/install/simple_pkg/share/simple_pkg/cmake/simple_pkgConfig.cmake
[0.471s] -- Installing: /home/pradeep/ros43_ws/install/simple_pkg/share/simple_pkg/cmake/simple_pkgConfig-version.cmake
[0.471s] -- Installing: /home/pradeep/ros43_ws/install/simple_pkg/share/simple_pkg/package.xml
[0.472s] Invoked command in '/home/pradeep/ros43_ws/build/simple_pkg' returned '0': CMAKE_PREFIX_PATH=/opt/ros/humble /usr/bin/cmake --install /home/pradeep/ros43_ws/build/simple_pkg
