[0.008s] Invoking command in '/home/pradeep/ros43_ws/build/simple_pkg': CMAKE_PREFIX_PATH=${CMAKE_PREFIX_PATH}:/opt/ros/humble /usr/bin/cmake --build /home/pradeep/ros43_ws/build/simple_pkg -- -j12 -l12
[0.022s] -- Found ament_cmake: 1.3.8 (/opt/ros/humble/share/ament_cmake/cmake)
[0.106s] -- Found rclpy: 3.3.12 (/opt/ros/humble/share/rclpy/cmake)
[0.106s] -- Found ament_lint_auto: 0.12.10 (/opt/ros/humble/share/ament_lint_auto/cmake)
[0.158s] -- Added test 'cppcheck' to perform static code analysis on C / C++ code
[0.158s] -- Configured cppcheck include dirs: 
[0.158s] -- Configured cppcheck exclude dirs and/or files: 
[0.159s] -- Added test 'flake8' to check Python code syntax and style conventions
[0.160s] -- Added test 'lint_cmake' to check CMake code style
[0.161s] -- Added test 'pep257' to check Python code against some of the docstring style conventions in PEP 257
[0.166s] -- Added test 'uncrustify' to check C / C++ code style
[0.166s] -- Configured uncrustify additional arguments: 
[0.166s] -- Added test 'xmllint' to check XML markup files
[0.167s] -- Configuring done
[0.169s] -- Generating done
[0.169s] -- Build files have been written to: /home/pradeep/ros43_ws/build/simple_pkg
[0.183s] Invoked command in '/home/pradeep/ros43_ws/build/simple_pkg' returned '0': CMAKE_PREFIX_PATH=${CMAKE_PREFIX_PATH}:/opt/ros/humble /usr/bin/cmake --build /home/pradeep/ros43_ws/build/simple_pkg -- -j12 -l12
[0.200s] Invoking command in '/home/pradeep/ros43_ws/build/simple_pkg': CMAKE_PREFIX_PATH=${CMAKE_PREFIX_PATH}:/opt/ros/humble /usr/bin/cmake --install /home/pradeep/ros43_ws/build/simple_pkg
[0.205s] -- Install configuration: ""
[0.205s] -- Installing: /home/pradeep/ros43_ws/install/simple_pkg/lib/simple_pkg/pub.py
[0.205s] -- Installing: /home/pradeep/ros43_ws/install/simple_pkg/lib/simple_pkg/sub.py
[0.205s] -- Up-to-date: /home/pradeep/ros43_ws/install/simple_pkg/share/ament_index/resource_index/package_run_dependencies/simple_pkg
[0.206s] -- Installing: /home/pradeep/ros43_ws/install/simple_pkg/share/ament_index/resource_index/parent_prefix_path/simple_pkg
[0.206s] -- Up-to-date: /home/pradeep/ros43_ws/install/simple_pkg/share/simple_pkg/environment/ament_prefix_path.sh
[0.206s] -- Installing: /home/pradeep/ros43_ws/install/simple_pkg/share/simple_pkg/environment/ament_prefix_path.dsv
[0.206s] -- Up-to-date: /home/pradeep/ros43_ws/install/simple_pkg/share/simple_pkg/environment/path.sh
[0.206s] -- Installing: /home/pradeep/ros43_ws/install/simple_pkg/share/simple_pkg/environment/path.dsv
[0.206s] -- Up-to-date: /home/pradeep/ros43_ws/install/simple_pkg/share/simple_pkg/local_setup.bash
[0.206s] -- Up-to-date: /home/pradeep/ros43_ws/install/simple_pkg/share/simple_pkg/local_setup.sh
[0.206s] -- Up-to-date: /home/pradeep/ros43_ws/install/simple_pkg/share/simple_pkg/local_setup.zsh
[0.206s] -- Installing: /home/pradeep/ros43_ws/install/simple_pkg/share/simple_pkg/local_setup.dsv
[0.206s] -- Installing: /home/pradeep/ros43_ws/install/simple_pkg/share/simple_pkg/package.dsv
[0.206s] -- Up-to-date: /home/pradeep/ros43_ws/install/simple_pkg/share/ament_index/resource_index/packages/simple_pkg
[0.206s] -- Up-to-date: /home/pradeep/ros43_ws/install/simple_pkg/share/simple_pkg/cmake/simple_pkgConfig.cmake
[0.206s] -- Up-to-date: /home/pradeep/ros43_ws/install/simple_pkg/share/simple_pkg/cmake/simple_pkgConfig-version.cmake
[0.206s] -- Up-to-date: /home/pradeep/ros43_ws/install/simple_pkg/share/simple_pkg/package.xml
[0.207s] Invoked command in '/home/pradeep/ros43_ws/build/simple_pkg' returned '0': CMAKE_PREFIX_PATH=${CMAKE_PREFIX_PATH}:/opt/ros/humble /usr/bin/cmake --install /home/pradeep/ros43_ws/build/simple_pkg
